<?xml version="1.0" encoding="utf-8"?><testsuites name="pytest tests"><testsuite name="pytest" errors="0" failures="0" skipped="0" tests="436" time="40.814" timestamp="2026-09-22T11:56:28.360673+02:00" hostname="Win11"><testcase classname="tests.plugins.test_collection_library_postgres_integration" name="test_collection_browse_matrix_executes_on_postgresql[-title-all]" time="0.067" /><testcase classname="tests.plugins.test_collection_library_postgres_integration" name="test_collection_browse_matrix_executes_on_postgresql[-title-albums]" time="0.003" /><testcase classname="tests.plugins.test_collection_library_postgres_integration" name="test_collection_browse_matrix_executes_on_postgresql[-title-tracks]" time="0.003" /><testcase classname="tests.plugins.test_collection_library_postgres_integration" name="test_collection_browse_matrix_executes_on_postgresql[-title-artists]" time="0.003" /><testcase classname="tests.plugins.test_collection_library_postgres_integration" name="test_collection_browse_matrix_executes_on_postgresql[-artist-all]" time="0.006" /><testcase classname="tests.plugins.test_collection_library_postgres_integration" name="test_collection_browse_matrix_executes_on_postgresql[-artist-albums]" time="0.002" /><testcase classname="tests.plugins.test_collection_library_postgres_integration" name="test_collection_browse_matrix_executes_on_postgresql[-artist-tracks]" time="0.002" /><testcase classname="tests.plugins.test_collection_library_postgres_integration" name="test_collection_browse_matrix_executes_on_postgresql[-artist-artists]" time="0.002" /><testcase classname="tests.plugins.test_collection_library_postgres_integration" name="test_collection_browse_matrix_executes_on_postgresql[-year-all]" time="0.006" /><testcase classname="tests.plugins.test_collection_library_postgres_integration" name="test_collection_browse_matrix_executes_on_postgresql[-year-albums]" time="0.002" /><testcase classname="tests.plugins.test_collection_library_postgres_integration" name="test_collection_browse_matrix_executes_on_postgresql[-year-tracks]" time="0.003" /><testcase classname="tests.plugins.test_collection_library_postgres_integration" name="test_collection_browse_matrix_executes_on_postgresql[-year-artists]" time="0.005" /><testcase classname="tests.plugins.test_collection_library_postgres_integration" name="test_collection_browse_matrix_executes_on_postgresql[meiko-title-all]" time="0.010" /><testcase classname="tests.plugins.test_collection_library_postgres_integration" name="test_collection_browse_matrix_executes_on_postgresql[meiko-title-albums]" time="0.003" /><testcase classname="tests.plugins.test_collection_library_postgres_integration" name="test_collection_browse_matrix_executes_on_postgresql[meiko-title-tracks]" time="0.002" /><testcase classname="tests.plugins.test_collection_library_postgres_integration" name="test_collection_browse_matrix_executes_on_postgresql[meiko-title-artists]" time="0.003" /><testcase classname="tests.plugins.test_collection_library_postgres_integration" name="test_collection_browse_matrix_executes_on_postgresql[meiko-artist-all]" time="0.007" /><testcase classname="tests.plugins.test_collection_library_postgres_integration" name="test_collection_browse_matrix_executes_on_postgresql[meiko-artist-albums]" time="0.003" /><testcase classname="tests.plugins.test_collection_library_postgres_integration" name="test_collection_browse_matrix_executes_on_postgresql[meiko-artist-tracks]" time="0.002" /><testcase classname="tests.plugins.test_collection_library_postgres_integration" name="test_collection_browse_matrix_executes_on_postgresql[meiko-artist-artists]" time="0.003" /><testcase classname="tests.plugins.test_collection_library_postgres_integration" name="test_collection_browse_matrix_executes_on_postgresql[meiko-year-all]" time="0.009" /><testcase classname="tests.plugins.test_collection_library_postgres_integration" name="test_collection_browse_matrix_executes_on_postgresql[meiko-year-albums]" time="0.003" /><testcase classname="tests.plugins.test_collection_library_postgres_integration" name="test_collection_browse_matrix_executes_on_postgresql[meiko-year-tracks]" time="0.003" /><testcase classname="tests.plugins.test_collection_library_postgres_integration" name="test_collection_browse_matrix_executes_on_postgresql[meiko-year-artists]" time="0.003" /><testcase classname="tests.plugins.test_collection_library_postgres_integration" name="test_collection_browse_matrix_executes_on_postgresql[beyonce-title-all]" time="0.006" /><testcase classname="tests.plugins.test_collection_library_postgres_integration" name="test_collection_browse_matrix_executes_on_postgresql[beyonce-title-albums]" time="0.003" /><testcase classname="tests.plugins.test_collection_library_postgres_integration" name="test_collection_browse_matrix_executes_on_postgresql[beyonce-title-tracks]" time="0.002" /><testcase classname="tests.plugins.test_collection_library_postgres_integration" name="test_collection_browse_matrix_executes_on_postgresql[beyonce-title-artists]" time="0.002" /><testcase classname="tests.plugins.test_collection_library_postgres_integration" name="test_collection_browse_matrix_executes_on_postgresql[beyonce-artist-all]" time="0.006" /><testcase classname="tests.plugins.test_collection_library_postgres_integration" name="test_collection_browse_matrix_executes_on_postgresql[beyonce-artist-albums]" time="0.003" /><testcase classname="tests.plugins.test_collection_library_postgres_integration" name="test_collection_browse_matrix_executes_on_postgresql[beyonce-artist-tracks]" time="0.003" /><testcase classname="tests.plugins.test_collection_library_postgres_integration" name="test_collection_browse_matrix_executes_on_postgresql[beyonce-artist-artists]" time="0.003" /><testcase classname="tests.plugins.test_collection_library_postgres_integration" name="test_collection_browse_matrix_executes_on_postgresql[beyonce-year-all]" time="0.005" /><testcase classname="tests.plugins.test_collection_library_postgres_integration" name="test_collection_browse_matrix_executes_on_postgresql[beyonce-year-albums]" time="0.003" /><testcase classname="tests.plugins.test_collection_library_postgres_integration" name="test_collection_browse_matrix_executes_on_postgresql[beyonce-year-tracks]" time="0.002" /><testcase classname="tests.plugins.test_collection_library_postgres_integration" name="test_collection_browse_matrix_executes_on_postgresql[beyonce-year-artists]" time="0.002" /><testcase classname="tests.plugins.test_collection_library_postgres_integration" name="test_collection_browse_counts_search_accents_artist_filter_and_pagination" time="0.022" /><testcase classname="tests.plugins.test_collection_library_postgres_integration" name="test_collection_library_flask_routes_execute_real_queries" time="0.022" /><testcase classname="tests.plugins.test_collection_library_postgres_integration" name="test_collection_search_uses_the_active_catalogue_projection" time="0.009" /><testcase classname="tests.plugins.test_credits" name="test_exact_id_still_requires_artist_album_order_disc_and_duration_corroboration" time="0.002" /><testcase classname="tests.plugins.test_credits" name="test_ambiguous_editions_publish_recording_and_work_credits_only_and_keep_people_distinct" time="0.001" /><testcase classname="tests.plugins.test_credits" name="test_truncated_search_cannot_claim_a_unique_edition_and_conflicting_recordings_are_excluded" time="0.001" /><testcase classname="tests.plugins.test_credits" name="test_compilation_uses_each_track_artist_and_empty_metadata_remains_unresolved" time="0.000" /><testcase classname="tests.plugins.test_credits" name="test_same_name_artist_with_conflicting_mbid_is_not_accepted" time="0.000" /><testcase classname="tests.plugins.test_credits" name="test_reviewed_audit_requires_fifty_actual_albums_and_98_percent_precision" time="0.001" /><testcase classname="tests.plugins.test_credits" name="test_verified_recording_provenance_survives_work_and_performer_projection" time="0.001" /><testcase classname="tests.plugins.test_credits" name="test_typed_ids_remain_distinct_from_generic_legacy_ids_and_release_track_ids" time="0.000" /><testcase classname="tests.plugins.test_credits" name="test_jobs_coalesce_leases_recover_and_stale_writes_cannot_publish" time="0.206" /><testcase classname="tests.plugins.test_credits" name="test_bootstrap_pins_versions_while_new_publications_arrive_and_deltas_are_isolated" time="0.334" /><testcase classname="tests.plugins.test_credits" name="test_metadata_correction_publishes_tombstone_and_failure_keeps_valid_prior_result" time="0.315" /><testcase classname="tests.plugins.test_credits" name="test_unavailable_track_invalidates_album_connections_and_source_removal_cascades" time="0.270" /><testcase classname="tests.plugins.test_credits" name="test_http_cache_throttle_negative_ttl_and_global_backoff" time="2.171" /><testcase classname="tests.plugins.test_credits" name="test_verified_identity_redirect_is_throttled_and_cannot_leave_musicbrainz" time="2.163" /><testcase classname="tests.plugins.test_credits" name="test_http_lock_is_shared_across_workers_and_empty_credits_expire_after_seven_days" time="0.215" /><testcase classname="tests.plugins.test_credits" name="test_expired_bootstrap_and_compacted_delta_cursors_require_a_fresh_snapshot" time="0.341" /><testcase classname="tests.plugins.test_credits" name="test_maintenance_and_playback_priority_leave_the_credits_job_pending" time="0.228" /><testcase classname="tests.plugins.test_credits" name="test_new_routes_require_authentication_and_catalog_scope" time="0.189" /><testcase classname="tests.plugins.test_edge_profiles" name="test_published_cross_language_golden_contract" time="0.112" /><testcase classname="tests.plugins.test_edge_profiles" name="test_v2_contract_series_are_bounded_exact_and_true_peak_is_conservative" time="0.050" /><testcase classname="tests.plugins.test_edge_profiles" name="test_hidden_track_guard_and_uncertain_quiet_are_never_padding" time="0.220" /><testcase classname="tests.plugins.test_edge_profiles" name="test_exact_terminal_zero_is_the_only_authorized_trim" time="0.079" /><testcase classname="tests.plugins.test_edge_profiles" name="test_low_and_high_tones_land_in_the_expected_complementary_bands" time="0.069" /><testcase classname="tests.plugins.test_edge_profiles" name="test_peak_quantization_never_rounds_below_original_at_centidb_boundaries" time="0.010" /><testcase classname="tests.plugins.test_edge_profiles" name="test_real_flac_decoder_timeline_silence_and_source_replacement" time="0.056" /><testcase classname="tests.plugins.test_edge_profiles" name="test_equivalent_bandlimited_sources_within_point_two_db[44100]" time="0.113" /><testcase classname="tests.plugins.test_edge_profiles" name="test_equivalent_bandlimited_sources_within_point_two_db[48000]" time="0.117" /><testcase classname="tests.plugins.test_edge_profiles" name="test_equivalent_bandlimited_sources_within_point_two_db[96000]" time="0.132" /><testcase classname="tests.plugins.test_edge_profiles" name="test_equivalent_bandlimited_sources_within_point_two_db[192000]" time="0.143" /><testcase classname="tests.plugins.test_edge_profiles" name="test_block_partition_does_not_restart_resampler_or_tail_filters" time="1.036" /><testcase classname="tests.plugins.test_edge_profiles" name="test_short_track_partial_bin_overlap_and_digital_zero_are_exact" time="0.005" /><testcase classname="tests.plugins.test_edge_profiles" name="test_quantized_source_peaks_never_understate_samples" time="0.026" /><testcase classname="tests.plugins.test_edge_profiles" name="test_exact_zero_is_not_a_missing_measurement" time="0.001" /><testcase classname="tests.plugins.test_edge_profiles" name="test_quantization_rejects_unrepresentable_values[nan]" time="0.000" /><testcase classname="tests.plugins.test_edge_profiles" name="test_quantization_rejects_unrepresentable_values[inf]" time="0.000" /><testcase classname="tests.plugins.test_edge_profiles" name="test_quantization_rejects_unrepresentable_values[-1]" time="0.000" /><testcase classname="tests.plugins.test_edge_profiles" name="test_quantization_rejects_unrepresentable_values[1e+40]" time="0.000" /><testcase classname="tests.plugins.test_edge_profiles" name="test_quantization_rejects_unrepresentable_values[1e-100]" time="0.000" /><testcase classname="tests.plugins.test_edge_profiles" name="test_digest_is_independent_and_contains_no_raw_media_path" time="0.003" /><testcase classname="tests.plugins.test_edge_profiles" name="test_real_pcm_decoder_content_hash_and_valid_frame_count" time="0.044" /><testcase classname="tests.plugins.test_edge_profiles" name="test_channel_and_nonfinite_pcm_rejection" time="0.001" /><testcase classname="tests.plugins.test_edge_profiles" name="test_bounded_storage_does_not_grow_with_source_duration" time="0.002" /><testcase classname="tests.plugins.test_federated_album_dynamics" name="test_matches_lumae_golden_ranking" time="0.002" /><testcase classname="tests.plugins.test_federated_album_dynamics" name="test_wire_fingerprint_round_trip_preserves_scoring_fields" time="0.001" /><testcase classname="tests.plugins.test_federated_album_dynamics" name="test_catalogue_and_federation_share_golden_order" time="0.001" /><testcase classname="tests.plugins.test_federated_lifecycle" name="test_install_accepts_host_db_and_registration_handles_missing_auth" time="0.161" /><testcase classname="tests.plugins.test_federated_lifecycle" name="test_connection_reads_delete_sync_search_and_artwork_are_owner_scoped" time="0.179" /><testcase classname="tests.plugins.test_federated_lifecycle" name="test_sync_http_only_queues_and_recovers_after_enqueue_failure" time="0.150" /><testcase classname="tests.plugins.test_federated_lifecycle" name="test_sync_does_not_publish_after_connection_deleted" time="0.146" /><testcase classname="tests.plugins.test_federated_lifecycle" name="test_remote_cursor_must_progress[pages0]" time="0.127" /><testcase classname="tests.plugins.test_federated_lifecycle" name="test_remote_cursor_must_progress[pages1]" time="0.107" /><testcase classname="tests.plugins.test_federated_lifecycle" name="test_remote_total_deadline_checked_during_response" time="0.085" /><testcase classname="tests.plugins.test_federated_lifecycle" name="test_search_projects_metadata_and_similarity_shortlist_is_bounded" time="2.334" /><testcase classname="tests.plugins.test_federated_lifecycle" name="test_source_registry_requires_selection_and_maps_provider_ids" time="0.098" /><testcase classname="tests.plugins.test_federated_lifecycle" name="test_similarity_shortlist_prioritizes_multi_band_evidence" time="0.102" /><testcase classname="tests.plugins.test_lumae_analysis" name="test_plugin_manifest_has_lumae_identity" time="0.001" /><testcase classname="tests.plugins.test_lumae_analysis" name="test_health_endpoint_reports_schema_and_analyzer_versions" time="0.020" /><testcase classname="tests.plugins.test_lumae_analysis" name="test_edge_upgrade_publication_is_atomic_identical_on_all_routes_and_idempotent" time="0.176" /><testcase classname="tests.plugins.test_lumae_analysis" name="test_edge_upgrade_failure_retains_ready_legacy_and_independent_retry_status" time="0.194" /><testcase classname="tests.plugins.test_lumae_analysis" name="test_edge_enqueue_failure_has_short_retry_without_weakening_analysis_failure_backoff" time="0.193" /><testcase classname="tests.plugins.test_lumae_analysis" name="test_replaced_source_rejects_completed_old_job_and_never_serializes_stale_edge" time="0.234" /><testcase classname="tests.plugins.test_lumae_analysis" name="test_edge_publish_rolls_back_payload_and_cursor_when_journal_fails" time="0.195" /><testcase classname="tests.plugins.test_lumae_analysis" name="test_edge_api_old_runtime_disabled_and_bounded_requests" time="0.173" /><testcase classname="tests.plugins.test_lumae_analysis" name="test_edge_enqueue_submits_one_root_task_for_the_bounded_batch" time="0.000" /><testcase classname="tests.plugins.test_lumae_analysis" name="test_catalog_health_uses_v2_single_server_adapter" time="0.012" /><testcase classname="tests.plugins.test_lumae_analysis" name="test_catalog_health_sanitizes_v3_server_credentials[v3.0.0]" time="0.013" /><testcase classname="tests.plugins.test_lumae_analysis" name="test_catalog_health_sanitizes_v3_server_credentials[v3.0.3]" time="0.014" /><testcase classname="tests.plugins.test_lumae_analysis" name="test_catalog_health_exposes_persisted_v3_0_3_source_readiness" time="0.015" /><testcase classname="tests.plugins.test_lumae_analysis" name="test_catalog_health_denies_both_streams_while_provider_identity_is_pending" time="0.012" /><testcase classname="tests.plugins.test_lumae_analysis" name="test_v2_catalog_health_never_executes_v3_readiness_queries" time="0.012" /><testcase classname="tests.plugins.test_lumae_analysis" name="test_catalog_cursor_is_opaque_round_trippable_and_source_bound" time="0.000" /><testcase classname="tests.plugins.test_lumae_analysis" name="test_profile_stream_serializes_waveform_payload_without_device_analysis" time="0.000" /><testcase classname="tests.plugins.test_lumae_analysis" name="test_server_album_and_artist_relationships_use_lumae_native_rankers" time="0.001" /><testcase classname="tests.plugins.test_lumae_analysis" name="test_relationship_candidate_scoring_is_bounded_by_ivf_shortlist" time="0.002" /><testcase classname="tests.plugins.test_lumae_analysis" name="test_relationship_builder_waits_instead_of_falling_back_without_ivf" time="0.000" /><testcase classname="tests.plugins.test_lumae_analysis" name="test_relationship_builder_loads_ivf_and_caps_queries_to_small_indexes" time="0.000" /><testcase classname="tests.plugins.test_lumae_analysis" name="test_relationship_fingerprints_bound_pathological_album_pairwise_work" time="0.008" /><testcase classname="tests.plugins.test_lumae_analysis" name="test_relationship_bootstrap_rejects_a_page_token_from_an_old_generation" time="0.001" /><testcase classname="tests.plugins.test_lumae_analysis" name="test_relationship_bootstrap_keeps_last_published_generation_visible_while_stale" time="0.000" /><testcase classname="tests.plugins.test_lumae_analysis" name="test_enrichment_change_pages_do_not_read_past_their_pinned_head" time="0.000" /><testcase classname="tests.plugins.test_lumae_analysis" name="test_enrichment_stream_endpoints_are_source_scoped_and_nonblocking" time="0.014" /><testcase classname="tests.plugins.test_lumae_analysis" name="test_bootstrap_session_api_keeps_token_out_of_url_and_private_cache" time="0.013" /><testcase classname="tests.plugins.test_lumae_analysis" name="test_bootstrap_session_uses_published_generation_during_refresh" time="0.000" /><testcase classname="tests.plugins.test_lumae_analysis" name="test_bootstrap_page_requires_token_header_and_returns_410_after_expiry" time="0.021" /><testcase classname="tests.plugins.test_lumae_analysis" name="test_catalog_changes_rejects_malformed_cursor_without_reading_database" time="0.016" /><testcase classname="tests.plugins.test_lumae_analysis" name="test_catalog_changes_report_remaining_events_and_estimated_bytes" time="0.001" /><testcase classname="tests.plugins.test_lumae_analysis" name="test_catalog_refresh_coalesces_to_selected_source" time="0.012" /><testcase classname="tests.plugins.test_lumae_analysis" name="test_catalog_refresh_blocks_pending_v2_to_v3_rebind" time="0.014" /><testcase classname="tests.plugins.test_lumae_analysis" name="test_catalog_prepare_api_queues_first_publication_and_returns_poll_location" time="0.012" /><testcase classname="tests.plugins.test_lumae_analysis" name="test_catalog_prepare_api_coalesces_active_operation" time="0.012" /><testcase classname="tests.plugins.test_lumae_analysis" name="test_catalog_prepare_status_exposes_catalogue_before_analysis_finishes" time="0.021" /><testcase classname="tests.plugins.test_lumae_analysis" name="test_catalog_prepare_is_idempotent_when_catalogue_is_current_but_analysis_is_pending" time="0.015" /><testcase classname="tests.plugins.test_lumae_analysis" name="test_catalog_health_marks_unattested_worker_publication_for_repair" time="0.018" /><testcase classname="tests.plugins.test_lumae_analysis" name="test_catalog_health_rejects_unsupported_core_before_server_work[v2.5.0-core_too_old]" time="0.015" /><testcase classname="tests.plugins.test_lumae_analysis" name="test_catalog_health_rejects_unsupported_core_before_server_work[v4.0.0-core_api_incomplete]" time="0.013" /><testcase classname="tests.plugins.test_lumae_analysis" name="test_catalog_health_admits_future_core_when_live_v3_contract_passes[v3.0.6]" time="0.012" /><testcase classname="tests.plugins.test_lumae_analysis" name="test_catalog_health_admits_future_core_when_live_v3_contract_passes[v4.0.0]" time="0.012" /><testcase classname="tests.plugins.test_lumae_analysis" name="test_catalog_health_admits_future_core_when_live_v3_contract_passes[development-build]" time="0.012" /><testcase classname="tests.plugins.test_lumae_analysis" name="test_catalog_health_rejects_malformed_live_v3_registry" time="0.012" /><testcase classname="tests.plugins.test_lumae_analysis" name="test_collections_api_is_hidden_until_enabled" time="0.013" /><testcase classname="tests.plugins.test_lumae_analysis" name="test_collection_principal_is_per_user_but_bearer_is_global" time="0.001" /><testcase classname="tests.plugins.test_lumae_analysis" name="test_collection_principal_fails_closed_for_session_without_username" time="0.001" /><testcase classname="tests.plugins.test_lumae_analysis" name="test_collection_backup_is_versioned_checksummed_and_tamper_evident" time="0.000" /><testcase classname="tests.plugins.test_lumae_analysis" name="test_collection_backup_restore_rejects_duplicate_membership" time="0.000" /><testcase classname="tests.plugins.test_lumae_analysis" name="test_collection_backup_routes_are_scoped_to_the_authenticated_user" time="0.013" /><testcase classname="tests.plugins.test_lumae_analysis" name="test_collection_restore_route_validates_checksum_and_uses_current_principal" time="0.016" /><testcase classname="tests.plugins.test_lumae_analysis" name="test_collection_restore_adds_new_records_and_sync_changes_without_overwrite" time="0.000" /><testcase classname="tests.plugins.test_lumae_analysis" name="test_collection_library_normalizes_live_track_and_disc_numbers" time="0.000" /><testcase classname="tests.plugins.test_lumae_analysis" name="test_album_detail_uses_provider_catalog_order_and_analysis_links" time="0.000" /><testcase classname="tests.plugins.test_lumae_analysis" name="test_lyrion_album_detail_requests_documented_track_and_disc_order" time="0.000" /><testcase classname="tests.plugins.test_lumae_analysis" name="test_collection_library_route_forwards_scope_search_sort_and_artist" time="0.012" /><testcase classname="tests.plugins.test_lumae_analysis" name="test_collection_library_rejects_broad_partial_queries_before_database_work" time="0.000" /><testcase classname="tests.plugins.test_lumae_analysis" name="test_collection_track_sorts_use_source_columns_not_nested_select_aliases" time="0.000" /><testcase classname="tests.plugins.test_lumae_analysis" name="test_collection_catalogue_search_projection_normalizes_accents" time="0.000" /><testcase classname="tests.plugins.test_lumae_analysis" name="test_collection_batch_remove_applies_one_revision_and_one_commit" time="0.014" /><testcase classname="tests.plugins.test_lumae_analysis" name="test_collection_batch_remove_rejects_non_list_ids" time="0.018" /><testcase classname="tests.plugins.test_lumae_analysis" name="test_collection_preview_target_keeps_provider_credentials_server_side" time="0.000" /><testcase classname="tests.plugins.test_lumae_analysis" name="test_collection_preview_uses_emby_base_url_without_legacy_prefix" time="0.000" /><testcase classname="tests.plugins.test_lumae_analysis" name="test_enabled_collections_api_lists_mixed_item_counts" time="0.013" /><testcase classname="tests.plugins.test_lumae_analysis" name="test_profiles_endpoint_splits_ready_missing_and_failed" time="0.014" /><testcase classname="tests.plugins.test_lumae_analysis" name="test_profiles_endpoint_fails_closed_when_source_is_ambiguous" time="0.014" /><testcase classname="tests.plugins.test_lumae_analysis" name="test_scoped_profile_writes_use_catalogue_and_track_composite_key" time="0.000" /><testcase classname="tests.plugins.test_lumae_analysis" name="test_analyze_endpoint_promotes_pending_and_enqueues_small_high_priority_chunks" time="0.018" /><testcase classname="tests.plugins.test_lumae_analysis" name="test_analyze_song_hook_uses_analysis_audio_path_and_raw_media_item" time="0.002" /><testcase classname="tests.plugins.test_lumae_analysis" name="test_analysis_run_events_coalesce_to_one_durable_source_request" time="0.000" /><testcase classname="tests.plugins.test_lumae_analysis" name="test_one_multiserver_analysis_run_gets_one_durable_request_per_source" time="0.000" /><testcase classname="tests.plugins.test_lumae_analysis" name="test_analysis_run_hook_never_touches_the_queue" time="0.000" /><testcase classname="tests.plugins.test_lumae_analysis" name="test_analysis_run_finalizer_refreshes_projects_then_queues_only_needed_profiles" time="0.000" /><testcase classname="tests.plugins.test_lumae_analysis" name="test_analysis_run_finalizer_failure_is_recorded_and_can_be_retried" time="0.000" /><testcase classname="tests.plugins.test_lumae_analysis" name="test_running_analysis_finalizer_can_only_be_reclaimed_after_it_is_stale" time="0.000" /><testcase classname="tests.plugins.test_lumae_analysis" name="test_settled_analysis_run_selector_is_scoped_and_terminal_aware" time="0.000" /><testcase classname="tests.plugins.test_lumae_analysis" name="test_plugin_runtime_has_no_private_rq_imports" time="0.001" /><testcase classname="tests.plugins.test_lumae_analysis" name="test_encode_ramp_matches_lumae_byte_layout" time="0.000" /><testcase classname="tests.plugins.test_lumae_analysis" name="test_analyze_buffer_produces_waveform_profile" time="0.002" /><testcase classname="tests.plugins.test_lumae_analysis" name="test_apply_biquad_uses_vectorized_scipy" time="0.000" /><testcase classname="tests.plugins.test_lumae_analysis" name="test_vectorized_biquad_matches_reference_recurrence" time="0.002" /><testcase classname="tests.plugins.test_lumae_analysis" name="test_streaming_analysis_matches_v1_whole_buffer_reference_profile" time="0.151" /><testcase classname="tests.plugins.test_lumae_analysis" name="test_analyze_buffer_uses_100ms_chunks_and_expected_ramp_encoding" time="0.001" /><testcase classname="tests.plugins.test_lumae_analysis" name="test_analyze_buffer_includes_final_partial_chunk" time="0.000" /><testcase classname="tests.plugins.test_lumae_analysis" name="test_analyze_buffer_rejects_silent_audio" time="0.001" /><testcase classname="tests.plugins.test_lumae_analysis" name="test_analyze_file_streams_pyav_frames_into_bounded_analyzer" time="0.000" /><testcase classname="tests.plugins.test_lumae_analysis" name="test_streaming_loudness_is_invariant_to_decoder_block_boundaries" time="0.012" /><testcase classname="tests.plugins.test_lumae_analysis" name="test_streaming_loudness_enforces_duration_and_deadline_limits" time="0.001" /><testcase classname="tests.plugins.test_lumae_analysis" name="test_streaming_loudness_caps_channels_and_sample_rate" time="0.001" /><testcase classname="tests.plugins.test_lumae_analysis" name="test_analyze_one_track_marks_missing_file" time="0.001" /><testcase classname="tests.plugins.test_lumae_analysis" name="test_analyze_one_track_downloads_from_media_server_when_local_file_missing" time="0.003" /><testcase classname="tests.plugins.test_lumae_analysis" name="test_analyze_one_track_marks_media_server_download_failure_as_failed" time="0.002" /><testcase classname="tests.plugins.test_lumae_analysis" name="test_analyze_one_track_cleans_downloaded_file_when_analysis_fails" time="0.003" /><testcase classname="tests.plugins.test_lumae_analysis" name="test_analyze_one_track_persists_ready_profile_with_pr721_score_shape" time="0.002" /><testcase classname="tests.plugins.test_lumae_analysis" name="test_analyze_one_track_persists_failed_profile" time="0.002" /><testcase classname="tests.plugins.test_lumae_analysis" name="test_find_backfill_ids_includes_missing_old_and_signature_changed_but_not_failed" time="0.002" /><testcase classname="tests.plugins.test_lumae_analysis" name="test_find_backfill_ids_includes_explicit_stale_rows" time="0.002" /><testcase classname="tests.plugins.test_lumae_analysis" name="test_find_backfill_ids_retries_skipped_no_file_when_downloader_configured" time="0.002" /><testcase classname="tests.plugins.test_lumae_analysis" name="test_find_backfill_ids_retries_skipped_no_file_when_local_file_appears" time="0.002" /><testcase classname="tests.plugins.test_lumae_analysis" name="test_find_backfill_ids_applies_limit_after_eligibility_filtering" time="0.002" /><testcase classname="tests.plugins.test_lumae_analysis" name="test_explicit_prepare_retry_includes_failed_profiles" time="0.000" /><testcase classname="tests.plugins.test_lumae_analysis" name="test_backfill_uses_configured_batch_size" time="0.000" /><testcase classname="tests.plugins.test_lumae_analysis" name="test_analysis_status_counts_are_aggregated_in_postgres" time="0.000" /><testcase classname="tests.plugins.test_lumae_analysis" name="test_analysis_status_counts_treats_retryable_skipped_rows_as_needed" time="0.000" /><testcase classname="tests.plugins.test_lumae_analysis" name="test_postgres_backfill_retries_registry_backed_skipped_profiles" time="0.095" /><testcase classname="tests.plugins.test_lumae_analysis" name="test_postgres_relationship_migration_preserves_published_generation" time="0.183" /><testcase classname="tests.plugins.test_lumae_analysis" name="test_queue_backfill_batch_marks_pending_and_enqueues_next_batch" time="0.001" /><testcase classname="tests.plugins.test_lumae_analysis" name="test_start_profile_backfill_claims_one_bounded_default_queue_chain" time="0.000" /><testcase classname="tests.plugins.test_lumae_analysis" name="test_start_profile_backfill_coalesces_while_chain_is_active" time="0.000" /><testcase classname="tests.plugins.test_lumae_analysis" name="test_start_profile_backfill_can_only_record_durable_work" time="0.000" /><testcase classname="tests.plugins.test_lumae_analysis" name="test_start_relationship_preparation_can_only_record_durable_work" time="0.000" /><testcase classname="tests.plugins.test_lumae_analysis" name="test_profile_backfill_task_processes_one_batch_then_yields_worker" time="0.000" /><testcase classname="tests.plugins.test_lumae_analysis" name="test_profile_backfill_task_releases_claimed_rows_when_batch_crashes" time="0.000" /><testcase classname="tests.plugins.test_lumae_analysis" name="test_legacy_oversized_background_job_is_drained_into_bounded_chain" time="0.000" /><testcase classname="tests.plugins.test_lumae_analysis" name="test_background_task_skips_ready_and_interactively_promoted_tracks" time="0.000" /><testcase classname="tests.plugins.test_lumae_analysis" name="test_track_batch_counts_attempts_separately_from_reused_and_promoted_tracks" time="0.000" /><testcase classname="tests.plugins.test_lumae_analysis" name="test_track_batch_does_not_count_tracks_paused_before_dispatch_as_attempted" time="0.000" /><testcase classname="tests.plugins.test_lumae_analysis" name="test_profile_enqueue_failure_releases_pending_rows_for_retry" time="0.000" /><testcase classname="tests.plugins.test_lumae_analysis" name="test_prepare_lumae_marks_catalog_ready_before_background_profiles" time="0.000" /><testcase classname="tests.plugins.test_lumae_analysis" name="test_prepare_lumae_records_failure_and_does_not_queue_profiles" time="0.000" /><testcase classname="tests.plugins.test_lumae_analysis" name="test_preparation_active_guard_only_blocks_short_catalog_publication" time="0.000" /><testcase classname="tests.plugins.test_lumae_analysis" name="test_profile_backfill_active_guard_makes_stalled_queue_retryable" time="0.001" /><testcase classname="tests.plugins.test_lumae_analysis" name="test_catalog_preparation_claim_does_not_inherit_legacy_profile_queue_lock" time="0.000" /><testcase classname="tests.plugins.test_lumae_analysis" name="test_migrate_disables_legacy_backfill_schedule" time="0.002" /><testcase classname="tests.plugins.test_lumae_analysis" name="test_bounded_enqueue_delegates_only_to_the_public_plugin_api" time="0.001" /><testcase classname="tests.plugins.test_lumae_analysis" name="test_v1_0_1_has_no_infinite_plugin_job_timeout" time="0.001" /><testcase classname="tests.plugins.test_lumae_analysis" name="test_maintenance_pause_blocks_background_work_but_preserves_control_state" time="0.000" /><testcase classname="tests.plugins.test_lumae_analysis" name="test_migrate_is_idempotent_and_preserves_existing_plugin_tables" time="0.001" /><testcase classname="tests.plugins.test_lumae_analysis" name="test_builder_upgrade_records_one_coalesced_catalogue_preparation" time="0.000" /><testcase classname="tests.plugins.test_lumae_analysis" name="test_reconcile_retries_an_unattested_catalogue_even_when_generation_is_current" time="0.000" /><testcase classname="tests.plugins.test_lumae_analysis" name="test_reconcile_watchdog_is_a_noop_for_current_attested_catalogues" time="0.000" /><testcase classname="tests.plugins.test_lumae_analysis" name="test_reconcile_watchdog_processes_only_the_highest_priority_action" time="0.000" /><testcase classname="tests.plugins.test_lumae_analysis" name="test_reconcile_schedule_adapts_to_durable_work[summary0-active-* * * * *]" time="0.000" /><testcase classname="tests.plugins.test_lumae_analysis" name="test_reconcile_schedule_adapts_to_durable_work[summary1-waiting-*/5 * * * *]" time="0.000" /><testcase classname="tests.plugins.test_lumae_analysis" name="test_reconcile_schedule_adapts_to_durable_work[summary2-backoff-* * * * *]" time="0.000" /><testcase classname="tests.plugins.test_lumae_analysis" name="test_reconcile_schedule_adapts_to_durable_work[summary3-backoff-*/5 * * * *]" time="0.000" /><testcase classname="tests.plugins.test_lumae_analysis" name="test_reconcile_schedule_adapts_to_durable_work[summary4-backoff-*/15 * * * *]" time="0.000" /><testcase classname="tests.plugins.test_lumae_analysis" name="test_reconcile_schedule_adapts_to_durable_work[summary5-backoff-11 * * * *]" time="0.000" /><testcase classname="tests.plugins.test_lumae_analysis" name="test_reconcile_schedule_adapts_to_durable_work[summary6-idle-11 * * * *]" time="0.001" /><testcase classname="tests.plugins.test_lumae_analysis" name="test_reconcile_work_admission_arms_minute_cadence_in_callers_transaction" time="0.000" /><testcase classname="tests.plugins.test_lumae_analysis" name="test_reconcile_failure_records_backoff_and_propagates" time="0.000" /><testcase classname="tests.plugins.test_lumae_analysis" name="test_reconcile_profile_batch_reports_track_outcomes_without_batch_retry[False-0]" time="0.000" /><testcase classname="tests.plugins.test_lumae_analysis" name="test_reconcile_profile_batch_reports_track_outcomes_without_batch_retry[False-1]" time="0.000" /><testcase classname="tests.plugins.test_lumae_analysis" name="test_reconcile_profile_batch_reports_track_outcomes_without_batch_retry[False-2]" time="0.000" /><testcase classname="tests.plugins.test_lumae_analysis" name="test_reconcile_profile_batch_reports_track_outcomes_without_batch_retry[True-0]" time="0.000" /><testcase classname="tests.plugins.test_lumae_analysis" name="test_reconcile_profile_batch_reports_track_outcomes_without_batch_retry[True-1]" time="0.000" /><testcase classname="tests.plugins.test_lumae_analysis" name="test_reconcile_profile_batch_reports_track_outcomes_without_batch_retry[True-2]" time="0.000" /><testcase classname="tests.plugins.test_lumae_analysis" name="test_reconcile_track_summary_stays_bounded_and_escapes_display_values" time="0.000" /><testcase classname="tests.plugins.test_lumae_analysis" name="test_reconcile_scopes_idle_checks_to_active_audio_muse_server" time="0.000" /><testcase classname="tests.plugins.test_lumae_analysis" name="test_reconcile_status_panel_reports_real_work_and_escapes_errors[False]" time="0.000" /><testcase classname="tests.plugins.test_lumae_analysis" name="test_reconcile_status_panel_reports_real_work_and_escapes_errors[True]" time="0.000" /><testcase classname="tests.plugins.test_lumae_analysis" name="test_worker_attestation_rejects_a_stale_audio_muse_worker" time="0.000" /><testcase classname="tests.plugins.test_lumae_analysis" name="test_core_adapters_normalize_equivalent_v2_and_v3_analysis_events" time="0.000" /><testcase classname="tests.plugins.test_lumae_analysis" name="test_provider_bridge_never_exposes_credentials_or_urls" time="0.000" /><testcase classname="tests.plugins.test_lumae_analysis" name="test_provider_bridge_admits_only_navidrome_sources" time="0.000" /><testcase classname="tests.plugins.test_lumae_analysis" name="test_navidrome_catalog_uses_folder_album_queries_when_song_rows_lack_folder_ids" time="0.001" /><testcase classname="tests.plugins.test_lumae_analysis" name="test_navidrome_catalog_maps_unfiltered_music_folders_when_song_rows_omit_folder_ids" time="0.000" /><testcase classname="tests.plugins.test_lumae_analysis" name="test_navidrome_catalog_joins_large_folder_scope_onto_search_rows_without_n_plus_one" time="0.000" /><testcase classname="tests.plugins.test_lumae_analysis" name="test_navidrome_catalog_rejects_an_unmatched_music_folder_filter" time="0.000" /><testcase classname="tests.plugins.test_lumae_analysis" name="test_catalogue_source_resolution_hides_persisted_non_navidrome_sources" time="0.000" /><testcase classname="tests.plugins.test_lumae_analysis" name="test_catalogue_source_accepts_only_a_proven_legacy_server_alias" time="0.000" /><testcase classname="tests.plugins.test_lumae_analysis" name="test_catalogue_source_migration_does_not_create_non_navidrome_sources" time="0.000" /><testcase classname="tests.plugins.test_lumae_analysis" name="test_v2_source_requires_proven_continuity_before_v3_rebind" time="0.000" /><testcase classname="tests.plugins.test_lumae_analysis" name="test_catalog_scope_evidence_is_order_independent_and_scope_sensitive" time="0.001" /><testcase classname="tests.plugins.test_lumae_analysis" name="test_catalog_scope_requires_a_sufficient_direct_provider_track_sample" time="0.000" /><testcase classname="tests.plugins.test_lumae_analysis" name="test_catalog_scope_endpoint_forwards_direct_provider_track_evidence" time="0.013" /><testcase classname="tests.plugins.test_lumae_analysis" name="test_automatic_rebind_accepts_only_an_exact_provider_projection" time="0.002" /><testcase classname="tests.plugins.test_lumae_analysis" name="test_profile_source_accepts_proven_legacy_alias_but_rejects_other_servers" time="0.000" /><testcase classname="tests.plugins.test_lumae_analysis" name="test_stale_v2_worker_task_uses_only_the_proven_rebound_server" time="0.000" /><testcase classname="tests.plugins.test_lumae_analysis" name="test_analysis_projection_clears_durable_reconcile_only_after_success" time="0.000" /><testcase classname="tests.plugins.test_lumae_analysis" name="test_audiomuse_fail_status_is_terminal_for_provider_rekey_checks" time="0.000" /><testcase classname="tests.plugins.test_lumae_analysis" name="test_flask_start_repairs_identity_schema_without_queueing" time="0.000" /><testcase classname="tests.plugins.test_lumae_analysis" name="test_flask_start_rolls_back_a_failed_identity_schema_repair" time="0.000" /><testcase classname="tests.plugins.test_lumae_analysis" name="test_provider_catalog_normalization_keeps_rich_order_and_strips_private_fields[navidrome-track0]" time="0.001" /><testcase classname="tests.plugins.test_lumae_analysis" name="test_provider_catalog_normalization_keeps_rich_order_and_strips_private_fields[jellyfin-track1]" time="0.001" /><testcase classname="tests.plugins.test_lumae_analysis" name="test_provider_catalog_normalization_keeps_rich_order_and_strips_private_fields[emby-track2]" time="0.001" /><testcase classname="tests.plugins.test_lumae_analysis" name="test_provider_catalog_normalization_keeps_rich_order_and_strips_private_fields[lyrion-track3]" time="0.001" /><testcase classname="tests.plugins.test_lumae_analysis" name="test_provider_catalog_accepts_v3_duration_seconds_field" time="0.001" /><testcase classname="tests.plugins.test_lumae_analysis" name="test_provider_catalog_normalizes_structured_navidrome_artist_identities" time="0.001" /><testcase classname="tests.plugins.test_lumae_analysis" name="test_provider_catalog_publishes_relationships_and_rich_enrichment_in_stream_payloads" time="0.001" /><testcase classname="tests.plugins.test_lumae_analysis" name="test_relationship_only_catalogue_edits_change_metadata_fingerprint" time="0.001" /><testcase classname="tests.plugins.test_lumae_analysis" name="test_jellyfin_nested_audio_stream_properties_are_normalized" time="0.000" /><testcase classname="tests.plugins.test_lumae_analysis" name="test_catalog_fingerprints_separate_metadata_media_and_artwork_changes" time="0.001" /><testcase classname="tests.plugins.test_lumae_analysis" name="test_catalog_keeps_distinct_provider_occurrences_with_identical_media" time="0.001" /><testcase classname="tests.plugins.test_lumae_analysis" name="test_catalog_generation_parameters_are_materialized_one_batch_at_a_time" time="0.007" /><testcase classname="tests.plugins.test_lumae_analysis" name="test_refresh_catalog_publishes_complete_generation_and_coverage" time="0.002" /><testcase classname="tests.plugins.test_lumae_analysis" name="test_refresh_catalog_failure_keeps_prior_generation_and_records_error" time="0.001" /><testcase classname="tests.plugins.test_lumae_analysis" name="test_no_change_refresh_keeps_generation_and_emits_no_catalogue_writes" time="0.001" /><testcase classname="tests.plugins.test_lumae_analysis" name="test_one_track_fingerprint_change_emits_one_scoped_event[changed_payload0]" time="0.001" /><testcase classname="tests.plugins.test_lumae_analysis" name="test_one_track_fingerprint_change_emits_one_scoped_event[changed_payload1]" time="0.002" /><testcase classname="tests.plugins.test_lumae_analysis" name="test_one_track_fingerprint_change_emits_one_scoped_event[changed_payload2]" time="0.002" /><testcase classname="tests.plugins.test_lumae_analysis" name="test_refresh_records_exact_deletion_and_reactivation_counts" time="0.003" /><testcase classname="tests.plugins.test_lumae_analysis" name="test_fingerprint_schema_rebase_rotates_epoch_without_ordinary_change_events" time="0.002" /><testcase classname="tests.plugins.test_lumae_analysis" name="test_interrupted_fingerprint_rebase_keeps_previous_generation_and_epoch" time="0.001" /><testcase classname="tests.plugins.test_lumae_analysis" name="test_refresh_catalog_rejects_an_empty_first_generation" time="0.000" /><testcase classname="tests.plugins.test_lumae_analysis" name="test_refresh_catalog_rejects_tracks_without_library_membership" time="0.001" /><testcase classname="tests.plugins.test_lumae_analysis" name="test_refresh_catalog_rejects_partial_or_unknown_library_memberships" time="0.001" /><testcase classname="tests.plugins.test_lumae_analysis" name="test_refresh_failure_preserves_published_readiness" time="0.000" /><testcase classname="tests.plugins.test_lumae_analysis" name="test_analysis_projection_reuses_one_vector_for_two_provider_occurrences" time="0.001" /><testcase classname="tests.plugins.test_lumae_analysis" name="test_no_change_analysis_projection_reuses_only_a_complete_generation[complete-True]" time="0.001" /><testcase classname="tests.plugins.test_lumae_analysis" name="test_no_change_analysis_projection_reuses_only_a_complete_generation[failed-False]" time="0.001" /><testcase classname="tests.plugins.test_lumae_analysis" name="test_analysis_projection_marks_contradictory_dedup_group_suspect" time="0.000" /><testcase classname="tests.plugins.test_lumae_analysis" name="test_progressive_evidence_keeps_disagreements_usable_and_flagged_for_repair" time="0.000" /><testcase classname="tests.plugins.test_lumae_analysis" name="test_provider_conflicts_keep_sonic_data_usable_and_preserve_stronger_repair_flag" time="0.000" /><testcase classname="tests.plugins.test_lumae_analysis" name="test_old_link_fingerprint_uses_the_same_fields_as_new_projection_payload" time="0.001" /><testcase classname="tests.plugins.test_lumae_analysis" name="test_progressive_evidence_uses_inconclusive_fingerprints_provisionally" time="0.000" /><testcase classname="tests.plugins.test_lumae_analysis" name="test_v3_0_3_dedup_policy_and_duration_backstop" time="0.000" /><testcase classname="tests.plugins.test_lumae_analysis" name="test_v3_readiness_blocks_pending_source_rebind_before_database_queries" time="0.000" /><testcase classname="tests.plugins.test_lumae_analysis" name="test_v3_readiness_is_derived_automatically_from_complete_evidence" time="0.000" /><testcase classname="tests.plugins.test_lumae_analysis" name="test_v3_readiness_keeps_incomplete_evidence_progressively_usable" time="0.000" /><testcase classname="tests.plugins.test_lumae_analysis" name="test_v3_historical_upgrade_sequence_is_diagnostic_only" time="0.000" /><testcase classname="tests.plugins.test_lumae_analysis" name="test_v3_readiness_does_not_depend_on_historical_task_diagnostics" time="0.000" /><testcase classname="tests.plugins.test_lumae_analysis" name="test_v3_complete_evidence_is_automatic_across_core_releases[v3.0.3]" time="0.000" /><testcase classname="tests.plugins.test_lumae_analysis" name="test_v3_complete_evidence_is_automatic_across_core_releases[v3.0.5]" time="0.000" /><testcase classname="tests.plugins.test_lumae_analysis" name="test_v3_complete_evidence_is_automatic_across_core_releases[v3.0.6]" time="0.000" /><testcase classname="tests.plugins.test_lumae_analysis" name="test_v3_complete_evidence_is_automatic_across_core_releases[v4.0.0]" time="0.000" /><testcase classname="tests.plugins.test_lumae_analysis" name="test_v3_readiness_ignores_obsolete_acknowledgement_settings" time="0.000" /><testcase classname="tests.plugins.test_lumae_analysis" name="test_v3_readiness_admits_future_patch_from_complete_runtime_evidence" time="0.000" /><testcase classname="tests.plugins.test_lumae_analysis" name="test_v3_readiness_blocks_analysis_but_keeps_catalogue_when_safety_contract_fails" time="0.000" /><testcase classname="tests.plugins.test_lumae_analysis" name="test_v2_readiness_is_not_applicable_without_database_access" time="0.000" /><testcase classname="tests.plugins.test_lumae_analysis" name="test_settings_treats_stale_manual_verification_posts_as_noop" time="0.013" /><testcase classname="tests.plugins.test_lumae_analysis" name="test_settings_page_explains_automatic_sonic_status_and_blockers" time="0.000" /><testcase classname="tests.plugins.test_lumae_analysis" name="test_settings_page_explains_automatic_source_rebind" time="0.000" /><testcase classname="tests.plugins.test_lumae_analysis" name="test_source_analysis_status_remains_visible_on_legacy_core" time="0.000" /><testcase classname="tests.plugins.test_lumae_analysis" name="test_settings_page_reports_lumae_relationship_generation_separately" time="0.000" /><testcase classname="tests.plugins.test_lumae_analysis" name="test_relationship_status_reports_activity_without_reloading[running-true]" time="0.000" /><testcase classname="tests.plugins.test_lumae_analysis" name="test_relationship_status_reports_activity_without_reloading[complete-false]" time="0.000" /><testcase classname="tests.plugins.test_lumae_analysis" name="test_vector_batch_endpoint_returns_versioned_little_endian_payload" time="0.012" /><testcase classname="tests.plugins.test_lumae_analysis" name="test_register_uses_analysis_hook_and_catalog_refresh_worker" time="0.000" /><testcase classname="tests.plugins.test_lumae_analysis" name="test_register_exposes_enabled_collections_in_plugins_menu" time="0.000" /><testcase classname="tests.plugins.test_lumae_analysis" name="test_sync_collections_menu_updates_live_plugin_record" time="0.000" /><testcase classname="tests.plugins.test_lumae_analysis" name="test_settings_page_exposes_manual_catch_up_and_status" time="0.012" /><testcase classname="tests.plugins.test_lumae_analysis" name="test_database_state_snapshot_is_source_scoped_and_generation_aware" time="0.000" /><testcase classname="tests.plugins.test_lumae_analysis" name="test_database_state_reads_v2_core_as_one_direct_provider" time="0.000" /><testcase classname="tests.plugins.test_lumae_analysis" name="test_database_state_explains_an_uninitialized_database" time="0.000" /><testcase classname="tests.plugins.test_lumae_analysis" name="test_database_state_page_renders_partial_state_without_exposing_rows" time="0.050" /><testcase classname="tests.plugins.test_lumae_analysis" name="test_database_state_marks_a_completed_empty_catalogue_not_ready" time="0.001" /><testcase classname="tests.plugins.test_lumae_analysis" name="test_collection_setting_must_be_enabled_before_manager_is_available" time="0.013" /><testcase classname="tests.plugins.test_lumae_analysis" name="test_settings_page_renders_coverage_meter_and_action_context" time="0.013" /><testcase classname="tests.plugins.test_lumae_analysis" name="test_settings_page_recovers_transaction_after_identity_status_query_fails" time="0.013" /><testcase classname="tests.plugins.test_lumae_analysis" name="test_settings_status_returns_private_fragments_without_rendering_page" time="0.013" /><testcase classname="tests.plugins.test_lumae_analysis" name="test_settings_polling_url_respects_plugin_mount_prefix" time="0.014" /><testcase classname="tests.plugins.test_lumae_analysis" name="test_settings_page_never_labels_a_completed_empty_catalogue_ready" time="0.012" /><testcase classname="tests.plugins.test_lumae_analysis" name="test_settings_page_starts_bounded_background_enrichment" time="0.013" /><testcase classname="tests.plugins.test_lumae_analysis" name="test_settings_prepare_action_claims_and_enqueues_exact_source_once" time="0.013" /><testcase classname="tests.plugins.test_lumae_analysis" name="test_provider_bridge_probe_returns_only_sanitized_navidrome_identity" time="0.000" /><testcase classname="tests.plugins.test_lumae_analysis" name="test_identity_inspection_distinguishes_rekey_incomplete_and_conflict" time="0.000" /><testcase classname="tests.plugins.test_lumae_analysis" name="test_refresh_shield_stops_before_provider_diff_publication" time="0.001" /><testcase classname="tests.plugins.test_lumae_analysis" name="test_safe_provider_version_publishes_ordinary_catalog_removals" time="0.010" /><testcase classname="tests.plugins.test_lumae_analysis" name="test_analysis_shield_runs_before_reading_current_audiomuse_mapping" time="0.000" /><testcase classname="tests.plugins.test_lumae_analysis" name="test_rekey_plan_uses_exact_codec_for_all_provider_entities" time="0.001" /><testcase classname="tests.plugins.test_lumae_analysis" name="test_rekey_plan_rejects_old_and_new_identity_collision" time="0.001" /><testcase classname="tests.plugins.test_lumae_analysis" name="test_exact_json_rewrite_never_changes_substrings_and_blocks_key_collisions" time="0.000" /><testcase classname="tests.plugins.test_lumae_analysis" name="test_identity_publication_requires_two_identical_full_target_scans" time="0.000" /><testcase classname="tests.plugins.test_lumae_analysis" name="test_target_scan_fingerprint_treats_contributor_order_as_unordered" time="0.003" /><testcase classname="tests.plugins.test_lumae_analysis" name="test_provider_identity_queries_lock_only_non_nullable_join_rows" time="0.000" /><testcase classname="tests.plugins.test_lumae_analysis" name="test_transient_probe_failure_does_not_discard_an_applied_transition" time="0.000" /><testcase classname="tests.plugins.test_lumae_analysis" name="test_safe_provider_version_clears_a_stale_blocked_transition" time="0.000" /><testcase classname="tests.plugins.test_lumae_analysis" name="test_identity_recheck_schedule_skips_normal_sources" time="0.000" /><testcase classname="tests.plugins.test_lumae_analysis" name="test_identity_recheck_releases_completed_migration_and_projects_inline" time="0.000" /><testcase classname="tests.plugins.test_lumae_analysis" name="test_identity_recheck_durable_request_projects_when_startup_was_already_ready" time="0.000" /><testcase classname="tests.plugins.test_lumae_analysis" name="test_atomic_publisher_carries_analysis_and_retains_recovery_evidence" time="0.003" /><testcase classname="tests.plugins.test_lumae_analysis" name="test_atomic_publisher_rolls_back_before_writes_when_target_proof_changes" time="0.000" /><testcase classname="tests.plugins.test_lumae_analysis" name="test_atomic_publisher_rolls_back_generation_rows_after_mid_publish_failure" time="0.001" /><testcase classname="tests.plugins.test_lumae_analysis" name="test_audiomuse_health_requires_new_provider_ids_but_allows_analysis_relinking[1-mappings0-busy]" time="0.000" /><testcase classname="tests.plugins.test_lumae_analysis" name="test_audiomuse_health_requires_new_provider_ids_but_allows_analysis_relinking[0-mappings1-migration_required]" time="0.000" /><testcase classname="tests.plugins.test_lumae_analysis" name="test_audiomuse_health_requires_new_provider_ids_but_allows_analysis_relinking[0-mappings2-ready]" time="0.000" /><testcase classname="tests.plugins.test_lumae_analysis" name="test_audiomuse_health_requires_new_provider_ids_but_allows_analysis_relinking[0-mappings3-repair_required]" time="0.000" /><testcase classname="tests.plugins.test_lumae_analysis" name="test_audiomuse_health_requires_new_provider_ids_but_allows_analysis_relinking[0-mappings4-ready]" time="0.000" /><testcase classname="tests.plugins.test_lumae_analysis" name="test_transition_manifest_route_downloads_recovery_evidence" time="0.013" /><testcase classname="tests.plugins.test_lumae_analysis" name="test_snapshot_pruning_preserves_generations_pinned_by_active_leases" time="0.000" /><testcase classname="tests.plugins.test_lumae_analysis" name="test_change_journal_compaction_advances_floor_and_deletes_expired_events" time="0.000" /><testcase classname="tests.plugins.test_lumae_analysis" name="test_install_cleanup_prunes_backup_generations_and_bounds_core_journals" time="0.000" /><testcase classname="tests.plugins.test_lumae_analysis" name="test_enrichment_cleanup_bounds_relationship_history_to_two_snapshots" time="0.000" /><testcase classname="tests.plugins.test_lumae_analysis" name="test_retired_dj_migration_preserves_supported_data[False]" time="0.100" /><testcase classname="tests.plugins.test_lumae_analysis" name="test_retired_dj_migration_preserves_supported_data[True]" time="0.129" /><testcase classname="tests.plugins.test_lumae_analysis" name="test_retired_dj_migration_does_not_hide_database_errors" time="0.024" /><testcase classname="tests.plugins.test_lumae_analysis" name="test_retired_dj_routes_are_absent" time="0.017" /><testcase classname="tests.plugins.test_lumae_analysis_provider_identity" name="test_canonical_id_codec_matches_upstream_golden_vectors_and_is_idempotent" time="0.001" /><testcase classname="tests.plugins.test_lumae_analysis_provider_identity" name="test_parse_navidrome_server_version[0.63.2-release-semantic_version0-None-None]" time="0.000" /><testcase classname="tests.plugins.test_lumae_analysis_provider_identity" name="test_parse_navidrome_server_version[v0.64.0-release-semantic_version1-None-None]" time="0.000" /><testcase classname="tests.plugins.test_lumae_analysis_provider_identity" name="test_parse_navidrome_server_version[0.64.0-SNAPSHOT (ABCDEF0123)-prerelease-semantic_version2-SNAPSHOT-abcdef0123]" time="0.000" /><testcase classname="tests.plugins.test_lumae_analysis_provider_identity" name="test_parse_navidrome_server_version[master (15c9c899fd0d)-branch-None-None-15c9c899fd0d]" time="0.000" /><testcase classname="tests.plugins.test_lumae_analysis_provider_identity" name="test_parse_navidrome_server_version[dev-branch-None-None-None]" time="0.000" /><testcase classname="tests.plugins.test_lumae_analysis_provider_identity" name="test_parse_navidrome_server_version[custom-build-unknown-None-None-None]" time="0.000" /><testcase classname="tests.plugins.test_lumae_analysis_provider_identity" name="test_conservative_version_boundary_trusts_only_tagged_releases" time="0.000" /><testcase classname="tests.plugins.test_personal_discovery" name="test_sync_conflicts_tombstones_and_epoch" time="0.181" /><testcase classname="tests.plugins.test_personal_discovery" name="test_canonical_saves_preserve_personal_fields_and_aliases" time="0.100" /><testcase classname="tests.plugins.test_personal_discovery" name="test_bootstrap_paging_and_changes_recover_concurrent_edits" time="0.158" /><testcase classname="tests.plugins.test_personal_discovery" name="test_metadata_budget_and_lease_recovery" time="0.350" /><testcase classname="tests.plugins.test_personal_discovery" name="test_metadata_limits_cancellation_and_auth" time="0.122" /><testcase classname="tests.plugins.test_personal_discovery" name="test_exact_metadata_resolution_does_not_assert_recognition" time="0.001" /><testcase classname="tests.plugins.test_personal_discovery" name="test_expired_lease_and_cancelled_worker_cannot_publish" time="0.091" /><testcase classname="tests.plugins.test_personal_discovery" name="test_http_cache_hits_do_not_spend_metadata_allowance" time="1.100" /><testcase classname="tests.plugins.test_personal_discovery" name="test_provenance_and_recording_identity_are_protected" time="0.108" /><testcase classname="tests.plugins.test_personal_discovery" name="test_ambiguous_candidates_never_produce_verified_fields" time="0.000" /><testcase classname="tests.plugins.test_personal_discovery" name="test_late_canonical_conflict_preserves_both_saved_notes" time="0.091" /><testcase classname="tests.plugins.test_personal_discovery" name="test_budget_reservation_is_atomic_across_connections" time="0.110" /><testcase classname="tests.plugins.test_personal_discovery" name="test_metadata_yields_to_playback_and_shared_principal_is_distinct" time="0.076" /><testcase classname="tests.plugins.test_personal_discovery" name="test_album_memory_context_and_enjoyment_are_independent_of_recognition" time="0.087" /><testcase classname="tests.plugins.test_personal_discovery" name="test_single_membership_checks_complete_edition_and_keeps_recording_identity" time="0.000" /><testcase classname="tests.plugins.test_personal_discovery" name="test_membership_withholds_truncated_editions" time="0.000" /><testcase classname="tests.plugins.test_relationship_build" name="test_input_query_preserves_rows_order_and_duplicate_cover_semantics" time="0.127" /><testcase classname="tests.plugins.test_relationship_build" name="test_large_input_query_scans_artist_catalogue_once" time="5.585" /><testcase classname="tests.plugins.test_relationship_build" name="test_binary_checkpoint_preserves_vectors_and_ranker_output" time="0.140" /><testcase classname="tests.plugins.test_relationship_build" name="test_relationship_builder_publishes_only_bounded_shortlist_candidates" time="0.392" /><testcase classname="tests.plugins.test_relationship_build" name="test_scoring_resumes_after_worker_interruption_without_repeating_completed_work" time="0.392" /><testcase classname="tests.plugins.test_relationship_build" name="test_fingerprints_resume_from_saved_inputs_without_repeating_completed_entities" time="0.575" /><testcase classname="tests.plugins.test_relationship_build" name="test_input_change_at_publication_is_rechecked_before_publishing" time="0.708" /><testcase classname="tests.plugins.test_relationship_build" name="test_missing_index_retains_fingerprints_and_retries" time="0.338" /><testcase classname="tests.plugins.test_relationship_build" name="test_expired_time_budget_still_makes_progress_after_loading_checkpoints" time="0.816" /><testcase classname="tests.plugins.test_relationship_build" name="test_cleanup_failure_does_not_relabel_published_generation_as_failed" time="0.496" /><testcase classname="tests.plugins.test_relationship_build" name="test_temporarily_unavailable_inputs_do_not_corrupt_completed_checkpoint" time="0.451" /><testcase classname="tests.plugins.test_relationship_build" name="test_input_changes_discard_stale_checkpoints[catalog_generation]" time="0.458" /><testcase classname="tests.plugins.test_relationship_build" name="test_input_changes_discard_stale_checkpoints[analysis_generation]" time="0.464" /><testcase classname="tests.plugins.test_relationship_build" name="test_input_changes_discard_stale_checkpoints[catalog_epoch]" time="0.378" /><testcase classname="tests.plugins.test_relationship_build" name="test_input_changes_discard_stale_checkpoints[analysis_epoch]" time="0.346" /><testcase classname="tests.plugins.test_relationship_build" name="test_failed_publication_keeps_previous_rows_and_cursor_and_resumes" time="0.723" /><testcase classname="tests.plugins.test_relationship_build" name="test_progress_callback_cannot_commit_partial_publication_and_no_lock_during_scoring" time="0.578" /><testcase classname="tests.plugins.test_relationship_build" name="test_concurrent_worker_coalesces_and_publication_lock_wait_retries_staging" time="2.560" /><testcase classname="tests.plugins.test_relationship_build" name="test_real_statement_timeout_records_phase_and_sqlstate_then_recovers" time="0.387" /><testcase classname="tests.plugins.test_relationship_build" name="test_completed_build_does_not_republish_and_unchanged_rebuild_has_no_delta" time="0.479" /><testcase classname="tests.plugins.test_relationship_build" name="test_removed_entity_produces_delete_delta_and_atomic_empty_generation" time="0.483" /><testcase classname="tests.plugins.test_relationship_build" name="test_reconcile_checkpoint_is_deferred_without_failure_backoff" time="0.000" /><testcase classname="tests.plugins.test_relationship_build" name="test_settings_shows_saved_progress" time="0.000" /><testcase classname="tests.plugins.test_release_channels" name="test_private_edits_leave_public_zip_immutable" time="0.032" /><testcase classname="tests.plugins.test_release_channels" name="test_tampered_public_artifact_fails_before_writes" time="0.024" /><testcase classname="tests.plugins.test_release_channels" name="test_source_mode_keeps_immutability_guard" time="0.045" /><testcase classname="tests.plugins.test_release_channels" name="test_undeclared_plugin_cannot_leak_to_public_catalogue" time="0.021" /><testcase classname="tests.plugins.test_release_channels" name="test_new_source_release_keeps_previous_archive_immutable" time="0.064" /><testcase classname="tests.plugins.test_release_channels" name="test_current_release_contains_supported_source_only" time="0.003" /><testcase classname="tests.plugins.test_release_channels" name="test_release_archive_is_identical_across_platforms[win32]" time="0.077" /><testcase classname="tests.plugins.test_release_channels" name="test_release_archive_is_identical_across_platforms[linux]" time="0.074" /><testcase classname="tests.plugins.test_release_channels" name="test_source_validation_preserves_archive_with_different_compression" time="0.067" /><testcase classname="tests.plugins.test_shelves" name="test_validation" time="0.000" /><testcase classname="tests.plugins.test_shelves" name="test_periods_duplicates_and_idempotency" time="0.201" /><testcase classname="tests.plugins.test_shelves" name="test_scope_and_independent_kinds" time="0.122" /><testcase classname="tests.plugins.test_shelves" name="test_order_conflict_keeps_remote_additions" time="0.145" /><testcase classname="tests.plugins.test_shelves" name="test_evidence_delivery_removal_and_paging" time="0.092" /><testcase classname="tests.plugins.test_shelves" name="test_disabled_and_malformed_session_fail_closed" time="0.058" /><testcase classname="tests.plugins.test_shelves" name="test_concurrent_devices_collapse_duplicate_adds_and_receipts" time="0.179" /><testcase classname="tests.plugins.test_shelves" name="test_rekey_publishes_only_the_matching_catalogue" time="0.087" /></testsuite></testsuites>